<?xml version="1.0" encoding="UTF-8"?>
<!-- Generated by org.testng.reporters.JUnitReportReporter -->
<testsuite skipped="0" hostname="DESKTOP-I8ANQG5" name="apitesting.apiGet.GetApiClassExercise" tests="2" failures="0" timestamp="17 May 2018 17:49:29 GMT" time="1.861" errors="0">
  <testcase name="get" time="1.825" classname="apitesting.apiGet.GetApiClassExercise"/>
  <testcase name="entityTest" time="0.036" classname="apitesting.apiGet.GetApiClassExercise"/>
</testsuite> <!-- apitesting.apiGet.GetApiClassExercise -->
